<?xml version="1.0" encoding="UTF-8"?>
<!-- Generated by org.testng.reporters.JUnitXMLReporter -->
<testsuite ignored="0" hostname="DESKTOP-0CLRQ2I" failures="1" tests="6" name="Test" time="12.416" errors="0" timestamp="16 Jun 2022 17:03:56 GMT">
  <testcase classname="com.assertions.AssertionTest" name="TCID_102_verifyAssertNotEquals" time="0.067"/>
  <testcase classname="com.assertions.AssertionTest" name="TCID_103_verifyAssertTrue" time="0.081"/>
  <testcase classname="com.assertions.AssertionTest" name="TCID_104_verifyAssertFalse" time="0.021">
    <failure type="java.lang.AssertionError" message="Test Pass expected [true] but found [false]">
      <![CDATA[java.lang.AssertionError: Test Pass expected [true] but found [false]
at com.assertions.AssertionExamples.getassertFalse(AssertionExamples.java:45)
at com.assertions.AssertionTest.TCID_104_verifyAssertFalse(AssertionTest.java:50)
... Removed 28 stack frames]]>
    </failure>
  </testcase> <!-- TCID_104_verifyAssertFalse -->
  <testcase classname="com.assertions.AssertionTest" name="TCID_105_verifyAssertNull" time="0.041"/>
  <testcase classname="com.assertions.AssertionTest" name="TCID_106_verifyAsserttrueExample" time="0.025"/>
  <testcase classname="com.assertions.AssertionTest" name="TCID_101_verifyAsserEquals" time="0.043"/>
</testsuite> <!-- Test -->
